<?xml version="1.0" encoding="UTF-8"?>
<!-- Generated by org.testng.reporters.JUnitReportReporter -->
<testsuite skipped="0" hostname="DESKTOP-28JU9S6" name="org.Test.Testngdata1" tests="3" failures="0" timestamp="11 Aug 2021 12:05:13 GMT" time="0.050" errors="0">
  <testcase name="test1" time="0.010" classname="org.Test.Testngdata1"/>
  <testcase name="test1" time="0.015" classname="org.Test.Testngdata1"/>
  <testcase name="test1" time="0.025" classname="org.Test.Testngdata1"/>
</testsuite> <!-- org.Test.Testngdata1 -->
