<?xml version="1.0" encoding="UTF-8"?>
<!-- Generated by org.testng.reporters.JUnitReportReporter -->
<testsuite skipped="0" hostname="DESKTOP-28JU9S6" name="org.Test.Testng1" tests="3" failures="0" timestamp="08 Aug 2021 15:16:25 GMT" time="0.047" errors="0">
  <testcase name="Test2" time="0.037" classname="org.Test.Testng1"/>
  <testcase name="Test4" time="0.006" classname="org.Test.Testng1"/>
  <testcase name="Test6" time="0.004" classname="org.Test.Testng1"/>
</testsuite> <!-- org.Test.Testng1 -->
