<?xml version="1.0" encoding="UTF-8"?>
<!-- Generated by org.testng.reporters.JUnitReportReporter -->
<testsuite skipped="0" hostname="DESKTOP-28JU9S6" name="org.Test.TestngData2" tests="3" failures="0" timestamp="11 Aug 2021 13:32:34 GMT" time="73.978" errors="0">
  <testcase name="test1" time="21.193" classname="org.Test.TestngData2"/>
  <testcase name="test1" time="30.690" classname="org.Test.TestngData2"/>
  <testcase name="test1" time="22.095" classname="org.Test.TestngData2"/>
</testsuite> <!-- org.Test.TestngData2 -->
